time 397.591202 timePassed 397.591202 latency 347.591202 execTime 41.218035999999984 timeOut 0
time 397.591202 timePassed 397.591202 latency 347.591202 execTime 41.218035999999984 timeOut 0
Saving
Saving
listening on port 8080
listening on port 8080
time 596.388682 timePassed 198.79748 latency 148.79748 execTime 26.14049399999999 timeOut 0
time 596.388682 timePassed 198.79748 latency 148.79748 execTime 26.14049399999999 timeOut 0
socket connection
socket connection
Saved
Saved
Saving
Saving
time 10817.599099 timePassed 167.78493199999866 latency 117.78493199999866 execTime 30.588254000000234 timeOut 0
time 10817.599099 timePassed 167.78493199999866 latency 117.78493199999866 execTime 30.588254000000234 timeOut 0
Saved
Saved
time 11298.811441 timePassed 50.00365299999976 latency 0.003652999999758322 execTime 52.82474000000002 timeOut 0
time 11298.811441 timePassed 50.00365299999976 latency 0.003652999999758322 execTime 52.82474000000002 timeOut 0
Saving
Saving
time 21017.691697 timePassed 167.8729949999979 latency 117.8729949999979 execTime 25.69131700000071 timeOut 0
time 21017.691697 timePassed 167.8729949999979 latency 117.8729949999979 execTime 25.69131700000071 timeOut 0
Saved
Saved
Saving
Saving
time 31203.324382 timePassed 159.5151310000001 latency 109.51513100000011 execTime 14.27430699999968 timeOut 0
time 31203.324382 timePassed 159.5151310000001 latency 109.51513100000011 execTime 14.27430699999968 timeOut 0
Saved
Saved
time 31818.830158 timePassed 50.01940100000138 latency 0.019401000001380453 execTime 56.10881900000095 timeOut 0
time 31818.830158 timePassed 50.01940100000138 latency 0.019401000001380453 execTime 56.10881900000095 timeOut 0
Saving
Saving
time 41376.315947 timePassed 151.508047000003 latency 101.50804700000299 execTime 14.15135200000077 timeOut 0
time 41376.315947 timePassed 151.508047000003 latency 101.50804700000299 execTime 14.15135200000077 timeOut 0
Saved
Saved
Saving
Saving
time 51555.733254 timePassed 159.92464699999982 latency 109.92464699999982 execTime 14.708701000003202 timeOut 0
time 51555.733254 timePassed 159.92464699999982 latency 109.92464699999982 execTime 14.708701000003202 timeOut 0
Saved
Saved
time 52170.813701 timePassed 50.00412099999812 latency 0.004120999998121988 execTime 54.658683000001474 timeOut 0
time 52170.813701 timePassed 50.00412099999812 latency 0.004120999998121988 execTime 54.658683000001474 timeOut 0
Saving
Saving
time 61725.090232 timePassed 152.27947600000334 latency 102.27947600000334 execTime 14.92934399999649 timeOut 0
time 61725.090232 timePassed 152.27947600000334 latency 102.27947600000334 execTime 14.92934399999649 timeOut 0
Saved
Saved
Saving
Saving
time 71904.75474 timePassed 160.9460309999995 latency 110.9460309999995 execTime 14.200385999996797 timeOut 0
time 71904.75474 timePassed 160.9460309999995 latency 110.9460309999995 execTime 14.200385999996797 timeOut 0
Saved
Saved
time 72569.8102 timePassed 49.826330000010785 latency 0 execTime 55.9868099999876 timeOut 0
time 72569.8102 timePassed 49.826330000010785 latency 0 execTime 55.9868099999876 timeOut 0
Saving
Saving
time 82081.407933 timePassed 160.59452499999315 latency 110.59452499999315 execTime 29.805738000010024 timeOut 0
time 82081.407933 timePassed 160.59452499999315 latency 110.59452499999315 execTime 29.805738000010024 timeOut 0
Saved
Saved
time 87863.960249 timePassed 50.14372900000308 latency 0.1437290000030771 execTime 50.36228600000322 timeOut 0
time 87863.960249 timePassed 50.14372900000308 latency 0.1437290000030771 execTime 50.36228600000322 timeOut 0
Saving
Saving
time 92262.330484 timePassed 148.51950800001214 latency 98.51950800001214 execTime 32.30653999999049 timeOut 0
time 92262.330484 timePassed 148.51950800001214 latency 98.51950800001214 execTime 32.30653999999049 timeOut 0
Saved
Saved
time 92695.812837 timePassed 49.88084399999934 latency 0 execTime 58.01617799999076 timeOut 0
time 92695.812837 timePassed 49.88084399999934 latency 0 execTime 58.01617799999076 timeOut 0
Saving
Saving
time 102460.655076 timePassed 164.84663200000068 latency 114.84663200000068 execTime 14.70439400000032 timeOut 0
time 102460.655076 timePassed 164.84663200000068 latency 114.84663200000068 execTime 14.70439400000032 timeOut 0
Saved
Saved
Saving
Saving
time 112637.111422 timePassed 160.2976720000006 latency 110.2976720000006 execTime 14.907871999996132 timeOut 0
time 112637.111422 timePassed 160.2976720000006 latency 110.2976720000006 execTime 14.907871999996132 timeOut 0
Saved
Saved
time 113203.808502 timePassed 50.0001889999985 latency 0.00018899999849963933 execTime 52.70722900000692 timeOut 0
time 113203.808502 timePassed 50.0001889999985 latency 0.00018899999849963933 execTime 52.70722900000692 timeOut 0
Saving
Saving
time 122811.325957 timePassed 155.5149139999994 latency 105.51491399999941 execTime 14.063578000001144 timeOut 0
time 122811.325957 timePassed 155.5149139999994 latency 105.51491399999941 execTime 14.063578000001144 timeOut 0
Saved
Saved
Saving
Saving
time 133013.077951 timePassed 184.26532200002111 latency 134.26532200002111 execTime 17.43234799997299 timeOut 0
time 133013.077951 timePassed 184.26532200002111 latency 134.26532200002111 execTime 17.43234799997299 timeOut 0
Saved
Saved
Saving
Saving
time 143185.186015 timePassed 151.37825800001156 latency 101.37825800001156 execTime 14.257253999996465 timeOut 0
time 143185.186015 timePassed 151.37825800001156 latency 101.37825800001156 execTime 14.257253999996465 timeOut 0
Saved
Saved
Saving
Saving
time 153376.755288 timePassed 173.9463509999914 latency 123.94635099999141 execTime 17.56237600001623 timeOut 0
time 153376.755288 timePassed 173.9463509999914 latency 123.94635099999141 execTime 17.56237600001623 timeOut 0
Saved
Saved
time 153494.810633 timePassed 50.00016899997718 latency 0.000168999977177009 execTime 62.78704200001084 timeOut 0
time 153494.810633 timePassed 50.00016899997718 latency 0.000168999977177009 execTime 62.78704200001084 timeOut 0
Saving
Saving
time 163557.203282 timePassed 161.39506800001254 latency 111.39506800001254 execTime 13.955286999989767 timeOut 0
time 163557.203282 timePassed 161.39506800001254 latency 111.39506800001254 execTime 13.955286999989767 timeOut 0
Saved
Saved
Saving
Saving
time 173737.841625 timePassed 164.96760500001255 latency 114.96760500001255 execTime 14.430840999993961 timeOut 0
time 173737.841625 timePassed 164.96760500001255 latency 114.96760500001255 execTime 14.430840999993961 timeOut 0
Saved
Saved
time 174253.816314 timePassed 49.850929999985965 latency 0 execTime 55.8431569999957 timeOut 0
time 174253.816314 timePassed 49.850929999985965 latency 0 execTime 55.8431569999957 timeOut 0
Saving
Saving
time 183918.391117 timePassed 159.55571299997973 latency 109.55571299997973 execTime 15.99934900001972 timeOut 0
time 183918.391117 timePassed 159.55571299997973 latency 109.55571299997973 execTime 15.99934900001972 timeOut 0
Saved
Saved
Saving
Saving
time 194092.534797 timePassed 155.72424700000556 latency 105.72424700000556 execTime 14.788613000011537 timeOut 0
time 194092.534797 timePassed 155.72424700000556 latency 105.72424700000556 execTime 14.788613000011537 timeOut 0
Saved
Saved
time 194707.809491 timePassed 49.99977199998102 latency 0 execTime 55.104790000012144 timeOut 0
time 194707.809491 timePassed 49.99977199998102 latency 0 execTime 55.104790000012144 timeOut 0
Saving
Saving
time 204285.347457 timePassed 175.53484099998605 latency 125.53484099998605 execTime 14.279301000002306 timeOut 0
time 204285.347457 timePassed 175.53484099998605 latency 125.53484099998605 execTime 14.279301000002306 timeOut 0
Saved
Saved
Saving
Saving
time 214460.78312 timePassed 158.97267499999725 latency 108.97267499999725 execTime 14.387357999978121 timeOut 0
time 214460.78312 timePassed 158.97267499999725 latency 108.97267499999725 execTime 14.387357999978121 timeOut 0
Saved
Saved
time 215125.81097 timePassed 49.75887399999192 latency 0 execTime 54.93036100000609 timeOut 0
time 215125.81097 timePassed 49.75887399999192 latency 0 execTime 54.93036100000609 timeOut 0
Saving
Saving
time 224646.696854 timePassed 167.8821889999963 latency 117.88218899999629 execTime 14.007370999985142 timeOut 0
time 224646.696854 timePassed 167.8821889999963 latency 117.88218899999629 execTime 14.007370999985142 timeOut 0
Saved
Saved
Saving
Saving
time 234818.040126 timePassed 154.23169400001643 latency 104.23169400001643 execTime 15.34960499999579 timeOut 0
time 234818.040126 timePassed 154.23169400001643 latency 104.23169400001643 execTime 15.34960499999579 timeOut 0
Saved
Saved
time 235433.818896 timePassed 50.009296000003815 latency 0.009296000003814697 execTime 53.97933000000194 timeOut 0
time 235433.818896 timePassed 50.009296000003815 latency 0.009296000003814697 execTime 53.97933000000194 timeOut 0
Saving
Saving
time 245008.817263 timePassed 172.00358399999095 latency 122.00358399999095 execTime 24.13848200000939 timeOut 0
time 245008.817263 timePassed 172.00358399999095 latency 122.00358399999095 execTime 24.13848200000939 timeOut 0
Saved
Saved
Saving
Saving
time 255209.675601 timePassed 173.86737600000924 latency 123.86737600000924 execTime 17.581328000000212 timeOut 0
time 255209.675601 timePassed 173.86737600000924 latency 123.86737600000924 execTime 17.581328000000212 timeOut 0
Saved
Saved
time 255427.814413 timePassed 50.005784999986645 latency 0.005784999986644834 execTime 61.6440640000219 timeOut 0
time 255427.814413 timePassed 50.005784999986645 latency 0.005784999986644834 execTime 61.6440640000219 timeOut 0
Saving
Saving
time 265382.083752 timePassed 154.271716999996 latency 104.27171699999599 execTime 15.503473999968264 timeOut 0
time 265382.083752 timePassed 154.271716999996 latency 104.27171699999599 execTime 15.503473999968264 timeOut 0
Saved
Saved
Saving
Saving
time 275567.221795 timePassed 167.41120600001886 latency 117.41120600001886 execTime 15.246212999976706 timeOut 0
time 275567.221795 timePassed 167.41120600001886 latency 117.41120600001886 execTime 15.246212999976706 timeOut 0
Saved
Saved
time 276183.809231 timePassed 49.99031700001797 latency 0 execTime 57.3888830000069 timeOut 0
time 276183.809231 timePassed 49.99031700001797 latency 0 execTime 57.3888830000069 timeOut 0
Saving
Saving
time 285737.522782 timePassed 152.62696200003847 latency 102.62696200003847 execTime 14.18453299999237 timeOut 0
time 285737.522782 timePassed 152.62696200003847 latency 102.62696200003847 execTime 14.18453299999237 timeOut 0
Saved
Saved
Saving
Saving
time 295907.285531 timePassed 152.47542299999623 latency 102.47542299999623 execTime 14.141533999994863 timeOut 0
time 295907.285531 timePassed 152.47542299999623 latency 102.47542299999623 execTime 14.141533999994863 timeOut 0
Saved
Saved
time 296571.809213 timePassed 49.99771399999736 latency 0 execTime 52.75657399999909 timeOut 0
time 296571.809213 timePassed 49.99771399999736 latency 0 execTime 52.75657399999909 timeOut 0
Saving
Saving
time 306073.597671 timePassed 149.7894259999739 latency 99.7894259999739 execTime 29.691021999984514 timeOut 0
time 306073.597671 timePassed 149.7894259999739 latency 99.7894259999739 execTime 29.691021999984514 timeOut 0
Saved
Saved
Saving
Saving
time 316259.935127 timePassed 153.02204599999823 latency 103.02204599999823 execTime 33.67388499999652 timeOut 0
time 316259.935127 timePassed 153.02204599999823 latency 103.02204599999823 execTime 33.67388499999652 timeOut 0
Saved
Saved
time 316693.816907 timePassed 50.00480299995979 latency 0.004802999959792942 execTime 58.35219100001268 timeOut 0
time 316693.816907 timePassed 50.00480299995979 latency 0.004802999959792942 execTime 58.35219100001268 timeOut 0
Saving
Saving
time 326455.462041 timePassed 160.5392690000008 latency 110.53926900000079 execTime 15.916797999991104 timeOut 0
time 326455.462041 timePassed 160.5392690000008 latency 110.53926900000079 execTime 15.916797999991104 timeOut 0
Saved
Saved
Saving
Saving
time 336632.12188 timePassed 158.31239799998002 latency 108.31239799998002 execTime 15.041694000014104 timeOut 0
time 336632.12188 timePassed 158.31239799998002 latency 108.31239799998002 execTime 15.041694000014104 timeOut 0
Saved
Saved
time 337248.814086 timePassed 49.85895600001095 latency 0 execTime 61.543297999945935 timeOut 0
time 337248.814086 timePassed 49.85895600001095 latency 0 execTime 61.543297999945935 timeOut 0
Saving
Saving
time 346818.07214 timePassed 167.26415900001302 latency 117.26415900001302 execTime 14.546635999984574 timeOut 0
time 346818.07214 timePassed 167.26415900001302 latency 117.26415900001302 execTime 14.546635999984574 timeOut 0
Saved
Saved
Saving
Saving
time 356988.134351 timePassed 152.3242770000361 latency 102.32427700003609 execTime 14.663047999958508 timeOut 0
time 356988.134351 timePassed 152.3242770000361 latency 102.32427700003609 execTime 14.663047999958508 timeOut 0
Saved
Saved
time 357604.809885 timePassed 50.86547600000631 latency 0.8654760000063106 execTime 54.812596999981906 timeOut 0
time 357604.809885 timePassed 50.86547600000631 latency 0.8654760000063106 execTime 54.812596999981906 timeOut 0
Saving
Saving
time 367168.398201 timePassed 161.4154110000236 latency 111.4154110000236 execTime 29.98295799997868 timeOut 0
time 367168.398201 timePassed 161.4154110000236 latency 111.4154110000236 execTime 29.98295799997868 timeOut 0
Saved
Saved
Saving
Saving
time 377363.116218 timePassed 164.30133099999512 latency 114.30133099999512 execTime 15.376832999987528 timeOut 0
time 377363.116218 timePassed 164.30133099999512 latency 114.30133099999512 execTime 15.376832999987528 timeOut 0
Saved
Saved
time 377829.985024 timePassed 50.17647399997804 latency 0.17647399997804314 execTime 58.825691999983974 timeOut 0
time 377829.985024 timePassed 50.17647399997804 latency 0.17647399997804314 execTime 58.825691999983974 timeOut 0
Saving
Saving
time 387552.693156 timePassed 167.88011700002244 latency 117.88011700002244 execTime 13.950929999991786 timeOut 0
time 387552.693156 timePassed 167.88011700002244 latency 117.88011700002244 execTime 13.950929999991786 timeOut 0
Saved
Saved
Saving
Saving
time 397721.052003 timePassed 153.24185900000157 latency 103.24185900000157 execTime 14.466224000032526 timeOut 0
time 397721.052003 timePassed 153.24185900000157 latency 103.24185900000157 execTime 14.466224000032526 timeOut 0
Saved
Saved
time 398236.907572 timePassed 50.06189399998402 latency 0.06189399998402223 execTime 50.46713800000725 timeOut 0
time 398236.907572 timePassed 50.06189399998402 latency 0.06189399998402223 execTime 50.46713800000725 timeOut 0
Saving
Saving
time 407891.532084 timePassed 152.72316300001694 latency 102.72316300001694 execTime 15.046298999979626 timeOut 0
time 407891.532084 timePassed 152.72316300001694 latency 102.72316300001694 execTime 15.046298999979626 timeOut 0
Saved
Saved
Saving
Saving
time 418063.958 timePassed 157.14770500001032 latency 107.14770500001032 execTime 14.72946599998977 timeOut 0
time 418063.958 timePassed 157.14770500001032 latency 107.14770500001032 execTime 14.72946599998977 timeOut 0
Saved
Saved
time 418680.815467 timePassed 51.00172499998007 latency 1.0017249999800697 execTime 58.70915199996671 timeOut 0
time 418680.815467 timePassed 51.00172499998007 latency 1.0017249999800697 execTime 58.70915199996671 timeOut 0
Saving
Saving
time 428247.133606 timePassed 165.32214699999895 latency 115.32214699999895 execTime 14.26275799999712 timeOut 0
time 428247.133606 timePassed 165.32214699999895 latency 115.32214699999895 execTime 14.26275799999712 timeOut 0
Saved
Saved
Saving
Saving
time 438413.289628 timePassed 150.4791570000234 latency 100.4791570000234 execTime 14.186051999975462 timeOut 0
time 438413.289628 timePassed 150.4791570000234 latency 100.4791570000234 execTime 14.186051999975462 timeOut 0
Saved
Saved
time 439078.812574 timePassed 50.003338999988046 latency 0.0033389999880455434 execTime 53.968794000044 timeOut 0
time 439078.812574 timePassed 50.003338999988046 latency 0.0033389999880455434 execTime 53.968794000044 timeOut 0
Saving
Saving
time 448594.353951 timePassed 161.54309000005014 latency 111.54309000005014 execTime 14.03198099997826 timeOut 0
time 448594.353951 timePassed 161.54309000005014 latency 111.54309000005014 execTime 14.03198099997826 timeOut 0
Saved
Saved
Saving
Saving
time 458762.370797 timePassed 151.55713500001002 latency 101.55713500001002 execTime 14.280968000006396 timeOut 0
time 458762.370797 timePassed 151.55713500001002 latency 101.55713500001002 execTime 14.280968000006396 timeOut 0
Saved
Saved
time 459427.808284 timePassed 49.99973500001943 latency 0 execTime 62.29440999997314 timeOut 0
time 459427.808284 timePassed 49.99973500001943 latency 0 execTime 62.29440999997314 timeOut 0
Saving
Saving
time 468934.752647 timePassed 153.89602400001604 latency 103.89602400001604 execTime 31.014824000012595 timeOut 0
time 468934.752647 timePassed 153.89602400001604 latency 103.89602400001604 execTime 31.014824000012595 timeOut 0
Saved
Saved
Saving
Saving
time 479123.635198 timePassed 154.81900199997472 latency 104.81900199997472 execTime 14.317875000007916 timeOut 0
time 479123.635198 timePassed 154.81900199997472 latency 104.81900199997472 execTime 14.317875000007916 timeOut 0
Saved
Saved
time 479638.815051 timePassed 49.98197399999481 latency 0 execTime 61.255181000044104 timeOut 0
time 479638.815051 timePassed 49.98197399999481 latency 0 execTime 61.255181000044104 timeOut 0
Saving
Saving
time 489315.272196 timePassed 174.46298099996056 latency 124.46298099996056 execTime 14.531099000014365 timeOut 0
time 489315.272196 timePassed 174.46298099996056 latency 124.46298099996056 execTime 14.531099000014365 timeOut 0
Saved
Saved
Saving
Saving
time 499484.531705 timePassed 149.6534929999616 latency 99.6534929999616 execTime 14.076814000029117 timeOut 0
time 499484.531705 timePassed 149.6534929999616 latency 99.6534929999616 execTime 14.076814000029117 timeOut 0
Saved
Saved
time 500048.81402 timePassed 50.004635000019334 latency 0.004635000019334257 execTime 58.04978100000881 timeOut 0
time 500048.81402 timePassed 50.004635000019334 latency 0.004635000019334257 execTime 58.04978100000881 timeOut 0
socket disconnection
socket disconnection
Saving
Saving
time 509675.295389 timePassed 173.48530999996 latency 123.48530999996001 execTime 15.90891300002113 timeOut 0
time 509675.295389 timePassed 173.48530999996 latency 123.48530999996001 execTime 15.90891300002113 timeOut 0
Saved
Saved
socket connection
socket connection
Saving
Saving
time 519840.757077 timePassed 144.94203400000697 latency 94.94203400000697 execTime 31.562457000021823 timeOut 0
time 519840.757077 timePassed 144.94203400000697 latency 94.94203400000697 execTime 31.562457000021823 timeOut 0
Saved
Saved
time 520272.817225 timePassed 49.9755620000069 latency 0 execTime 66.282361999969 timeOut 0
time 520272.817225 timePassed 49.9755620000069 latency 0 execTime 66.282361999969 timeOut 0
socket connection
socket connection
Saving
Saving
time 530035.374888 timePassed 158.55935499991756 latency 108.55935499991756 execTime 13.904075000085868 timeOut 0
time 530035.374888 timePassed 158.55935499991756 latency 108.55935499991756 execTime 13.904075000085868 timeOut 0
Saved
Saved
Saving
Saving
time 540205.786613 timePassed 148.8267239999259 latency 98.82672399992589 execTime 13.908498000004329 timeOut 0
time 540205.786613 timePassed 148.8267239999259 latency 98.82672399992589 execTime 13.908498000004329 timeOut 0
Saved
Saved
time 540720.81556 timePassed 49.9911270000739 latency 0 execTime 57.41886400000658 timeOut 0
time 540720.81556 timePassed 49.9911270000739 latency 0 execTime 57.41886400000658 timeOut 0
Saving
Saving
time 550392.741969 timePassed 170.92745399998967 latency 120.92745399998967 execTime 16.248707000049762 timeOut 0
time 550392.741969 timePassed 170.92745399998967 latency 120.92745399998967 execTime 16.248707000049762 timeOut 0
Saved
Saved
time 556733.931686 timePassed 58.99572299991269 latency 8.995722999912687 execTime 41.852465000003576 timeOut 0
time 556733.931686 timePassed 58.99572299991269 latency 8.995722999912687 execTime 41.852465000003576 timeOut 0
time 596.410493 timePassed 596.410493 latency 546.410493 execTime 65.75092300000006 timeOut 0
Saving
time 596.410493 timePassed 596.410493 latency 546.410493 execTime 65.75092300000006 timeOut 0
Saving

events.js:72
        throw er; // Unhandled 'error' event
              ^
Error: listen EADDRINUSE
    at errnoException (net.js:905:11)
    at Server._listen2 (net.js:1043:14)
    at listen (net.js:1065:10)
    at Server.listen (net.js:1139:5)
    at module.exports (/home/node/triangulum/lib/webserver.js:17:10)
    at Object.<anonymous> (/home/node/triangulum/tri.js:18:39)
    at Module._compile (module.js:456:26)
    at Object.Module._extensions..js (module.js:474:10)
    at Module.load (module.js:356:32)
    at Function.Module._load (module.js:312:12)
error: Forever detected script exited with code: 8

events.js:72
        throw er; // Unhandled 'error' event
              ^
Error: listen EADDRINUSE
    at errnoException (net.js:905:11)
    at Server._listen2 (net.js:1043:14)
    at listen (net.js:1065:10)
    at Server.listen (net.js:1139:5)
    at module.exports (/home/node/triangulum/lib/webserver.js:17:10)
    at Object.<anonymous> (/home/node/triangulum/tri.js:18:39)
    at Module._compile (module.js:456:26)
    at Object.Module._extensions..js (module.js:474:10)
    at Module.load (module.js:356:32)
    at Function.Module._load (module.js:312:12)
Saving
Saving
time 560577.150342 timePassed 164.28931299992837 latency 114.28931299992837 execTime 31.087519000051543 timeOut 0
time 560577.150342 timePassed 164.28931299992837 latency 114.28931299992837 execTime 31.087519000051543 timeOut 0
Saved
Saved
time 561060.005676 timePassed 50.19293200003449 latency 0.19293200003448874 execTime 66.72567900002468 timeOut 0
time 561060.005676 timePassed 50.19293200003449 latency 0.19293200003448874 execTime 66.72567900002468 timeOut 0
Saving
Saving
time 570775.877213 timePassed 164.0667469999753 latency 114.0667469999753 execTime 13.729266999987885 timeOut 0
time 570775.877213 timePassed 164.0667469999753 latency 114.0667469999753 execTime 13.729266999987885 timeOut 0
Saved
Saved
Saving
Saving
time 580940.150087 timePassed 146.3384219999425 latency 96.33842199994251 execTime 14.014793999958783 timeOut 0
time 580940.150087 timePassed 146.3384219999425 latency 96.33842199994251 execTime 14.014793999958783 timeOut 0
Saved
Saved
time 581555.810307 timePassed 50.00136399990879 latency 0.0013639999087899923 execTime 53.28074800001923 timeOut 0
time 581555.810307 timePassed 50.00136399990879 latency 0.0013639999087899923 execTime 53.28074800001923 timeOut 0
Saving
Saving
time 591105.604185 timePassed 147.68218499992508 latency 97.68218499992508 execTime 14.196730000083335 timeOut 0
time 591105.604185 timePassed 147.68218499992508 latency 97.68218499992508 execTime 14.196730000083335 timeOut 0
Saved
Saved
socket disconnection
socket disconnection
Saving
Saving
time 601271.328945 timePassed 147.51444499997888 latency 97.51444499997888 execTime 14.4341349999886 timeOut 0
time 601271.328945 timePassed 147.51444499997888 latency 97.51444499997888 execTime 14.4341349999886 timeOut 0
Saved
Saved
time 601886.809434 timePassed 49.99551000003703 latency 0 execTime 63.865019999910146 timeOut 0
time 601886.809434 timePassed 49.99551000003703 latency 0 execTime 63.865019999910146 timeOut 0
Saving
Saving
time 611468.591675 timePassed 178.65127300005406 latency 128.65127300005406 execTime 14.491437999997288 timeOut 0
time 611468.591675 timePassed 178.65127300005406 latency 128.65127300005406 execTime 14.491437999997288 timeOut 0
Saved
Saved
Saving
Saving
time 621638.309898 timePassed 154.49518399999943 latency 104.49518399999943 execTime 14.117190000019036 timeOut 0
time 621638.309898 timePassed 154.49518399999943 latency 104.49518399999943 execTime 14.117190000019036 timeOut 0
Saved
Saved
time 622303.812833 timePassed 51.0033650000114 latency 1.0033650000113994 execTime 60.24747499998193 timeOut 0
time 622303.812833 timePassed 51.0033650000114 latency 1.0033650000113994 execTime 60.24747499998193 timeOut 0
Saving
Saving
time 631827.669343 timePassed 170.85796200006735 latency 120.85796200006735 execTime 13.94343999994453 timeOut 0
time 631827.669343 timePassed 170.85796200006735 latency 120.85796200006735 execTime 13.94343999994453 timeOut 0
Saved
Saved
Saving
Saving
time 642000.169639 timePassed 154.35763199999928 latency 104.35763199999928 execTime 13.963526000035927 timeOut 0
time 642000.169639 timePassed 154.35763199999928 latency 104.35763199999928 execTime 13.963526000035927 timeOut 0
Saved
Saved
time 642614.913371 timePassed 50.105265000020154 latency 0.10526500002015382 execTime 50.775760999997146 timeOut 0
time 642614.913371 timePassed 50.105265000020154 latency 0.10526500002015382 execTime 50.775760999997146 timeOut 0
Saving
Saving
time 652183.892053 timePassed 169.0826150000794 latency 119.08261500007939 execTime 17.950924000004306 timeOut 0
time 652183.892053 timePassed 169.0826150000794 latency 119.08261500007939 execTime 17.950924000004306 timeOut 0
Saved
Saved
Saving
Saving
time 662357.505809 timePassed 149.6961720000254 latency 99.6961720000254 execTime 14.24207799998112 timeOut 0
time 662357.505809 timePassed 149.6961720000254 latency 99.6961720000254 execTime 14.24207799998112 timeOut 0
Saved
Saved
time 663022.870999 timePassed 50.06113400007598 latency 0.06113400007598102 execTime 57.80257099994924 timeOut 0
time 663022.870999 timePassed 50.06113400007598 latency 0.06113400007598102 execTime 57.80257099994924 timeOut 0
Saving
Saving
time 672527.22778 timePassed 153.42045500001404 latency 103.42045500001404 execTime 27.622260000091046 timeOut 0
time 672527.22778 timePassed 153.42045500001404 latency 103.42045500001404 execTime 27.622260000091046 timeOut 0
Saved
Saved
Saving
Saving
time 682706.3788 timePassed 146.56271999992896 latency 96.56271999992896 execTime 30.99570200010203 timeOut 0
time 682706.3788 timePassed 146.56271999992896 latency 96.56271999992896 execTime 30.99570200010203 timeOut 0
Saved
Saved
time 683187.863857 timePassed 50.05236800003331 latency 0.052368000033311546 execTime 57.80746499996167 timeOut 0
time 683187.863857 timePassed 50.05236800003331 latency 0.052368000033311546 execTime 57.80746499996167 timeOut 0
Saving
Saving
time 692891.487631 timePassed 150.67699199996423 latency 100.67699199996423 execTime 13.983974999981001 timeOut 0
time 692891.487631 timePassed 150.67699199996423 latency 100.67699199996423 execTime 13.983974999981001 timeOut 0
Saved
Saved
time 553.261723 timePassed 553.261723 latency 503.26172299999996 execTime 54.62252000000001 timeOut 0
Saving
time 553.261723 timePassed 553.261723 latency 503.26172299999996 execTime 54.62252000000001 timeOut 0
Saving

events.js:72
        throw er; // Unhandled 'error' event
              ^
Error: listen EADDRINUSE
    at errnoException (net.js:905:11)
    at Server._listen2 (net.js:1043:14)
    at listen (net.js:1065:10)
    at Server.listen (net.js:1139:5)
    at module.exports (/home/node/triangulum/lib/webserver.js:17:10)
    at Object.<anonymous> (/home/node/triangulum/tri.js:18:39)
    at Module._compile (module.js:456:26)
    at Object.Module._extensions..js (module.js:474:10)
    at Module.load (module.js:356:32)
    at Function.Module._load (module.js:312:12)
error: Forever detected script exited with code: 8

events.js:72
        throw er; // Unhandled 'error' event
              ^
Error: listen EADDRINUSE
    at errnoException (net.js:905:11)
    at Server._listen2 (net.js:1043:14)
    at listen (net.js:1065:10)
    at Server.listen (net.js:1139:5)
    at module.exports (/home/node/triangulum/lib/webserver.js:17:10)
    at Object.<anonymous> (/home/node/triangulum/tri.js:18:39)
    at Module._compile (module.js:456:26)
    at Object.Module._extensions..js (module.js:474:10)
    at Module.load (module.js:356:32)
    at Function.Module._load (module.js:312:12)
error: Forever detected script was killed by signal: SIGKILL
time 380.808083 timePassed 380.808083 latency 330.808083 execTime 38.09144399999997 timeOut 0
Saving
time 380.808083 timePassed 380.808083 latency 330.808083 execTime 38.09144399999997 timeOut 0
Saving
listening on port 8080
listening on port 8080
time 577.187095 timePassed 196.379012 latency 146.379012 execTime 25.006218999999987 timeOut 0
time 577.187095 timePassed 196.379012 latency 146.379012 execTime 25.006218999999987 timeOut 0
Saved
Saved
socket connection
socket connection
Saving
Saving
time 10790.969979 timePassed 177.21988899999997 latency 127.21988899999997 execTime 29.337283000000753 timeOut 0
time 10790.969979 timePassed 177.21988899999997 latency 127.21988899999997 execTime 29.337283000000753 timeOut 0
Saved
Saved
time 11270.74447 timePassed 49.923321999998734 latency 0 execTime 53.616894000000684 timeOut 0
time 11270.74447 timePassed 49.923321999998734 latency 0 execTime 53.616894000000684 timeOut 0
Saving
Saving
time 21013.917781 timePassed 191.17033000000083 latency 141.17033000000083 execTime 16.231503999999404 timeOut 0
time 21013.917781 timePassed 191.17033000000083 latency 141.17033000000083 execTime 16.231503999999404 timeOut 0
Saved
Saved
time 26304.871532 timePassed 58.9032580000021 latency 8.903258000002097 execTime 50.61201099999744 timeOut 0
time 26304.871532 timePassed 58.9032580000021 latency 8.903258000002097 execTime 50.61201099999744 timeOut 0
Saving
Saving
time 31220.924194 timePassed 159.17945899999904 latency 109.17945899999904 execTime 16.342508000001544 timeOut 0
time 31220.924194 timePassed 159.17945899999904 latency 109.17945899999904 execTime 16.342508000001544 timeOut 0
Saved
Saved
time 31887.748783 timePassed 49.945771999999124 latency 0 execTime 62.39219900000171 timeOut 0
time 31887.748783 timePassed 49.945771999999124 latency 0 execTime 62.39219900000171 timeOut 0
error: Forever detected script was killed by signal: SIGKILL
time 415.875565 timePassed 415.875565 latency 365.875565 execTime 39.50026500000001 timeOut 0
Saving
time 415.875565 timePassed 415.875565 latency 365.875565 execTime 39.50026500000001 timeOut 0
Saving
listening on port 8080
listening on port 8080
time 602.322036 timePassed 186.44647100000003 latency 136.44647100000003 execTime 26.13563799999997 timeOut 0
time 602.322036 timePassed 186.44647100000003 latency 136.44647100000003 execTime 26.13563799999997 timeOut 0
Saved
Saved
socket connection
socket connection
error: Forever detected script was killed by signal: SIGKILL
time 379.789124 timePassed 379.789124 latency 329.789124 execTime 35.51621399999999 timeOut 0
Saving
time 379.789124 timePassed 379.789124 latency 329.789124 execTime 35.51621399999999 timeOut 0
Saving
listening on port 8080
listening on port 8080
time 556.626376 timePassed 176.83725200000003 latency 126.83725200000003 execTime 23.788409 timeOut 0
time 556.626376 timePassed 176.83725200000003 latency 126.83725200000003 execTime 23.788409 timeOut 0
Saved
Saved
socket connection
socket connection
Saving
Saving
time 10749.372314 timePassed 142.47787100000096 latency 92.47787100000096 execTime 30.04815199999939 timeOut 0
time 10749.372314 timePassed 142.47787100000096 latency 92.47787100000096 execTime 30.04815199999939 timeOut 0
Saved
Saved
time 11229.89249 timePassed 49.99170400000003 latency 0 execTime 51.90934700000071 timeOut 0
time 11229.89249 timePassed 49.99170400000003 latency 0 execTime 51.90934700000071 timeOut 0
Saving
Saving
time 20936.599773 timePassed 153.7031820000011 latency 103.7031820000011 execTime 15.901749999997264 timeOut 0
time 20936.599773 timePassed 153.7031820000011 latency 103.7031820000011 execTime 15.901749999997264 timeOut 0
Saved
Saved
Saving
Saving
time 31108.444597 timePassed 153.55373900000268 latency 103.55373900000268 execTime 15.408645999999862 timeOut 0
time 31108.444597 timePassed 153.55373900000268 latency 103.55373900000268 execTime 15.408645999999862 timeOut 0
Saved
Saved
time 31774.910482 timePassed 49.842883999997866 latency 0 execTime 57.110154000001785 timeOut 0
time 31774.910482 timePassed 49.842883999997866 latency 0 execTime 57.110154000001785 timeOut 0
Saving
Saving
time 41274.550755 timePassed 149.66287299999385 latency 99.66287299999385 execTime 27.511985000004643 timeOut 0
time 41274.550755 timePassed 149.66287299999385 latency 99.66287299999385 execTime 27.511985000004643 timeOut 0
Saved
Saved
Saving
Saving
time 51451.34817 timePassed 146.45906499999546 latency 96.45906499999546 execTime 31.62731100000383 timeOut 0
time 51451.34817 timePassed 146.45906499999546 latency 96.45906499999546 execTime 31.62731100000383 timeOut 0
Saved
Saved
time 51883.892413 timePassed 49.001625000004424 latency 0 execTime 57.39515599999868 timeOut 0
time 51883.892413 timePassed 49.001625000004424 latency 0 execTime 57.39515599999868 timeOut 0
Saving
Saving
time 61640.345964 timePassed 154.4566580000028 latency 104.45665800000279 execTime 14.276297999997041 timeOut 0
time 61640.345964 timePassed 154.4566580000028 latency 104.45665800000279 execTime 14.276297999997041 timeOut 0
Saved
Saved
Saving
Saving
time 71806.364383 timePassed 147.4736819999962 latency 97.47368199999619 execTime 13.799852000011015 timeOut 0
time 71806.364383 timePassed 147.4736819999962 latency 97.47368199999619 execTime 13.799852000011015 timeOut 0
Saved
Saved
time 72421.119953 timePassed 50.21684799999639 latency 0.21684799999638926 execTime 57.36414399999194 timeOut 0
time 72421.119953 timePassed 50.21684799999639 latency 0.21684799999638926 execTime 57.36414399999194 timeOut 0
Saving
Saving
time 81966.965417 timePassed 145.07443500000227 latency 95.07443500000227 execTime 27.394602999993367 timeOut 0
time 81966.965417 timePassed 145.07443500000227 latency 95.07443500000227 execTime 27.394602999993367 timeOut 0
Saved
Saved
Saving
Saving
time 92142.03871 timePassed 145.13787500000035 latency 95.13787500000035 execTime 14.649443000002066 timeOut 0
time 92142.03871 timePassed 145.13787500000035 latency 95.13787500000035 execTime 14.649443000002066 timeOut 0
Saved
Saved
time 92608.894588 timePassed 50.0031689999887 latency 0.003168999988702126 execTime 58.09233400000085 timeOut 0
time 92608.894588 timePassed 50.0031689999887 latency 0.003168999988702126 execTime 58.09233400000085 timeOut 0
Saving
Saving
time 102323.184881 timePassed 161.29582400000072 latency 111.29582400000072 execTime 13.908253000001423 timeOut 0
time 102323.184881 timePassed 161.29582400000072 latency 111.29582400000072 execTime 13.908253000001423 timeOut 0
Saved
Saved
Saving
Saving
time 112486.51063 timePassed 143.61924300000828 latency 93.61924300000828 execTime 14.036401999997906 timeOut 0
time 112486.51063 timePassed 143.61924300000828 latency 93.61924300000828 execTime 14.036401999997906 timeOut 0
Saved
Saved
time 113100.889946 timePassed 31.77941999999166 latency 0 execTime 54.38616200000979 timeOut 0
time 113100.889946 timePassed 31.77941999999166 latency 0 execTime 54.38616200000979 timeOut 0
Saving
Saving
time 122653.841652 timePassed 152.94591100000252 latency 102.94591100000252 execTime 16.867497999992338 timeOut 0
time 122653.841652 timePassed 152.94591100000252 latency 102.94591100000252 execTime 16.867497999992338 timeOut 0
Saved
Saved
Saving
Saving
time 132841.544096 timePassed 166.65283800000907 latency 116.65283800000907 execTime 13.743033000006108 timeOut 0
time 132841.544096 timePassed 166.65283800000907 latency 116.65283800000907 execTime 13.743033000006108 timeOut 0
Saved
Saved
time 133356.891515 timePassed 50.99180799999158 latency 0.991807999991579 execTime 58.18929899999057 timeOut 0
time 133356.891515 timePassed 50.99180799999158 latency 0.991807999991579 execTime 58.18929899999057 timeOut 0
Saving
Saving
time 143016.713608 timePassed 155.82483800000045 latency 105.82483800000045 execTime 13.800201000005472 timeOut 0
time 143016.713608 timePassed 155.82483800000045 latency 105.82483800000045 execTime 13.800201000005472 timeOut 0
Saved
Saved
Saving
Saving
time 153199.845158 timePassed 166.94034300002386 latency 116.94034300002386 execTime 14.638425999990432 timeOut 0
time 153199.845158 timePassed 166.94034300002386 latency 116.94034300002386 execTime 14.638425999990432 timeOut 0
Saved
Saved
time 153865.891024 timePassed 49.9520650000195 latency 0 execTime 52.344802999985404 timeOut 0
time 153865.891024 timePassed 49.9520650000195 latency 0 execTime 52.344802999985404 timeOut 0
Saving
Saving
time 163365.426467 timePassed 146.41392700001597 latency 96.41392700001597 execTime 14.09083999998984 timeOut 0
time 163365.426467 timePassed 146.41392700001597 latency 96.41392700001597 execTime 14.09083999998984 timeOut 0
Saved
Saved
Saving
Saving
time 173527.403766 timePassed 142.51265499999863 latency 92.51265499999863 execTime 13.928857999999309 timeOut 0
time 173527.403766 timePassed 142.51265499999863 latency 92.51265499999863 execTime 13.928857999999309 timeOut 0
Saved
Saved
time 174092.941457 timePassed 50.05089000001317 latency 0.0508900000131689 execTime 58.54887100000633 timeOut 0
time 174092.941457 timePassed 50.05089000001317 latency 0.0508900000131689 execTime 58.54887100000633 timeOut 0
Saving
Saving
time 183713.683862 timePassed 167.7920420000155 latency 117.7920420000155 execTime 13.663264999981038 timeOut 0
time 183713.683862 timePassed 167.7920420000155 latency 117.7920420000155 execTime 13.663264999981038 timeOut 0
Saved
Saved
Saving
Saving
time 193874.254976 timePassed 145.36611100001028 latency 95.36611100001028 execTime 29.770026000012876 timeOut 0
time 193874.254976 timePassed 145.36611100001028 latency 95.36611100001028 execTime 29.770026000012876 timeOut 0
Saved
Saved
time 194355.055966 timePassed 50.165637000027345 latency 0.1656370000273455 execTime 58.072529999975814 timeOut 0
time 194355.055966 timePassed 50.165637000027345 latency 0.1656370000273455 execTime 58.072529999975814 timeOut 0
Saving
Saving
time 204065.998051 timePassed 161.10548900000867 latency 111.10548900000867 execTime 14.465769000002183 timeOut 0
time 204065.998051 timePassed 161.10548900000867 latency 111.10548900000867 execTime 14.465769000002183 timeOut 0
Saved
Saved
Saving
Saving
time 214228.51803 timePassed 141.62765900001978 latency 91.62765900001978 execTime 13.623567000002367 timeOut 0
time 214228.51803 timePassed 141.62765900001978 latency 91.62765900001978 execTime 13.623567000002367 timeOut 0
Saved
Saved
time 214842.893832 timePassed 50.001763000007486 latency 0.0017630000074859709 execTime 57.48995700001251 timeOut 0
time 214842.893832 timePassed 50.001763000007486 latency 0.0017630000074859709 execTime 57.48995700001251 timeOut 0
Saving
Saving
time 224391.631003 timePassed 145.73743300000206 latency 95.73743300000206 execTime 28.239964000007603 timeOut 0
time 224391.631003 timePassed 145.73743300000206 latency 95.73743300000206 execTime 28.239964000007603 timeOut 0
Saved
Saved
Saving
Saving
time 234574.528889 timePassed 151.56306100002257 latency 101.56306100002257 execTime 13.867020000005141 timeOut 0
time 234574.528889 timePassed 151.56306100002257 latency 101.56306100002257 execTime 13.867020000005141 timeOut 0
Saved
Saved
time 235038.89362 timePassed 50.00347199998214 latency 0.0034719999821390957 execTime 59.657941000012215 timeOut 0
time 235038.89362 timePassed 50.00347199998214 latency 0.0034719999821390957 execTime 59.657941000012215 timeOut 0
Saving
Saving
time 244764.127681 timePassed 175.16970500000753 latency 125.16970500000753 execTime 15.99552099997527 timeOut 0
time 244764.127681 timePassed 175.16970500000753 latency 125.16970500000753 execTime 15.99552099997527 timeOut 0
Saved
Saved
Saving
Saving
time 254938.957042 timePassed 155.05531500000507 latency 105.05531500000507 execTime 14.563503000012133 timeOut 0
time 254938.957042 timePassed 155.05531500000507 latency 105.05531500000507 execTime 14.563503000012133 timeOut 0
Saved
Saved
time 255604.999517 timePassed 49.96060900000157 latency 0 execTime 52.60471700000926 timeOut 0
time 255604.999517 timePassed 49.96060900000157 latency 0 execTime 52.60471700000926 timeOut 0
Saving
Saving
time 265104.453254 timePassed 149.5624480000115 latency 99.5624480000115 execTime 13.912257999996655 timeOut 0
time 265104.453254 timePassed 149.5624480000115 latency 99.5624480000115 execTime 13.912257999996655 timeOut 0
Saved
Saved
Saving
Saving
time 275285.387652 timePassed 165.49691300000995 latency 115.49691300000995 execTime 13.98483099997975 timeOut 0
time 275285.387652 timePassed 165.49691300000995 latency 115.49691300000995 execTime 13.98483099997975 timeOut 0
Saved
Saved
time 275801.044382 timePassed 50.15291399997659 latency 0.15291399997659028 execTime 55.79033500002697 timeOut 0
time 275801.044382 timePassed 50.15291399997659 latency 0.15291399997659028 execTime 55.79033500002697 timeOut 0
Saving
Saving
time 285456.004952 timePassed 152.1118439999991 latency 102.11184399999911 execTime 14.055842000001576 timeOut 0
time 285456.004952 timePassed 152.1118439999991 latency 102.11184399999911 execTime 14.055842000001576 timeOut 0
Saved
Saved
time 286025.844987 timePassed 54.590368999983184 latency 4.590368999983184 execTime 48.538108000007924 timeOut 0
time 286025.844987 timePassed 54.590368999983184 latency 4.590368999983184 execTime 48.538108000007924 timeOut 0
Saving
Saving
time 295637.523279 timePassed 159.44948000001023 latency 109.44948000001023 execTime 14.01916899997741 timeOut 0
time 295637.523279 timePassed 159.44948000001023 latency 109.44948000001023 execTime 14.01916899997741 timeOut 0
Saved
Saved
time 296301.88966 timePassed 49.98355199996149 latency 0 execTime 59.214359000034165 timeOut 0
time 296301.88966 timePassed 49.98355199996149 latency 0 execTime 59.214359000034165 timeOut 0
Saving
Saving
time 305799.125451 timePassed 146.23544000001857 latency 96.23544000001857 execTime 14.329836999997497 timeOut 0
time 305799.125451 timePassed 146.23544000001857 latency 96.23544000001857 execTime 14.329836999997497 timeOut 0
Saved
Saved
Saving
Saving
time 315982.274421 timePassed 168.28884200000903 latency 118.28884200000903 execTime 13.684721000026911 timeOut 0
time 315982.274421 timePassed 168.28884200000903 latency 118.28884200000903 execTime 13.684721000026911 timeOut 0
Saved
Saved
Saving
Saving
time 326148.666371 timePassed 148.7758470000117 latency 98.77584700001171 execTime 14.225435000029393 timeOut 0
time 326148.666371 timePassed 148.7758470000117 latency 98.77584700001171 execTime 14.225435000029393 timeOut 0
Saved
Saved
Saving
Saving
time 336312.185959 timePassed 147.29220200004056 latency 97.29220200004056 execTime 37.13923099997919 timeOut 0
time 336312.185959 timePassed 147.29220200004056 latency 97.29220200004056 execTime 37.13923099997919 timeOut 0
Saved
Saved
time 336749.890133 timePassed 49.84992000000784 latency 0 execTime 55.89042700000573 timeOut 0
time 336749.890133 timePassed 49.84992000000784 latency 0 execTime 55.89042700000573 timeOut 0
Saving
Saving
time 346517.049775 timePassed 164.146584000031 latency 114.146584000031 execTime 18.11961999995401 timeOut 0
time 346517.049775 timePassed 164.146584000031 latency 114.146584000031 execTime 18.11961999995401 timeOut 0
Saved
Saved
Saving
Saving
time 356684.450765 timePassed 145.4766800000216 latency 95.47668000002159 execTime 17.429558000003453 timeOut 0
time 356684.450765 timePassed 145.4766800000216 latency 95.47668000002159 execTime 17.429558000003453 timeOut 0
Saved
Saved
time 357302.974715 timePassed 50.084155999997165 latency 0.08415599999716505 execTime 51.40928999998141 timeOut 0
time 357302.974715 timePassed 50.084155999997165 latency 0.08415599999716505 execTime 51.40928999998141 timeOut 0
Saving
Saving
time 366859.468544 timePassed 154.5719140000292 latency 104.57191400002921 execTime 14.452807000023313 timeOut 0
time 366859.468544 timePassed 154.5719140000292 latency 104.57191400002921 execTime 14.452807000023313 timeOut 0
Saved
Saved
Saving
Saving
time 377053.997385 timePassed 177.1056029999745 latency 127.10560299997451 execTime 21.497673999983817 timeOut 0
time 377053.997385 timePassed 177.1056029999745 latency 127.10560299997451 execTime 21.497673999983817 timeOut 0
Saved
Saved
time 377576.955861 timePassed 50.065365999995265 latency 0.06536599999526516 execTime 54.86937199998647 timeOut 0
time 377576.955861 timePassed 50.065365999995265 latency 0.06536599999526516 execTime 54.86937199998647 timeOut 0
Saving
Saving
time 387227.364942 timePassed 146.47486900002696 latency 96.47486900002696 execTime 13.798507999978028 timeOut 0
time 387227.364942 timePassed 146.47486900002696 latency 96.47486900002696 execTime 13.798507999978028 timeOut 0
Saved
Saved
Saving
Saving
time 397408.125245 timePassed 166.16543799999636 latency 116.16543799999636 execTime 14.198976000014227 timeOut 0
time 397408.125245 timePassed 166.16543799999636 latency 116.16543799999636 execTime 14.198976000014227 timeOut 0
Saved
Saved
time 398072.891247 timePassed 48.98158700001659 latency 0 execTime 53.17855299997609 timeOut 0
time 398072.891247 timePassed 48.98158700001659 latency 0 execTime 53.17855299997609 timeOut 0
Saving
Saving
time 407573.153594 timePassed 148.2591699999757 latency 98.25916999997571 execTime 14.750179000024218 timeOut 0
time 407573.153594 timePassed 148.2591699999757 latency 98.25916999997571 execTime 14.750179000024218 timeOut 0
Saved
Saved
Saving
Saving
time 417748.160469 timePassed 157.21411599998828 latency 107.21411599998828 execTime 14.534653000009712 timeOut 0
time 417748.160469 timePassed 157.21411599998828 latency 107.21411599998828 execTime 14.534653000009712 timeOut 0
Saved
Saved
time 418263.971466 timePassed 50.08077300002333 latency 0.08077300002332777 execTime 56.84268100000918 timeOut 0
time 418263.971466 timePassed 50.08077300002333 latency 0.08077300002332777 execTime 56.84268100000918 timeOut 0
Saving
Saving
time 427930.420325 timePassed 163.5269139999873 latency 113.5269139999873 execTime 14.090428999974392 timeOut 0
time 427930.420325 timePassed 163.5269139999873 latency 113.5269139999873 execTime 14.090428999974392 timeOut 0
Saved
Saved
Saving
Saving
time 438094.669423 timePassed 148.77418300003046 latency 98.77418300003046 execTime 29.911457999958657 timeOut 0
time 438094.669423 timePassed 148.77418300003046 latency 98.77418300003046 execTime 29.911457999958657 timeOut 0
Saved
Saved
time 438576.897864 timePassed 50.99313100002473 latency 0.9931310000247322 execTime 56.769023999979254 timeOut 0
time 438576.897864 timePassed 50.99313100002473 latency 0.9931310000247322 execTime 56.769023999979254 timeOut 0
Saving
Saving
time 448279.406751 timePassed 151.51735799998278 latency 101.51735799998278 execTime 14.344341000018176 timeOut 0
time 448279.406751 timePassed 151.51735799998278 latency 101.51735799998278 execTime 14.344341000018176 timeOut 0
Saved
Saved
socket disconnection
socket disconnection
Saving
Saving
time 458451.649149 timePassed 154.75647600000957 latency 104.75647600000957 execTime 16.874929999990854 timeOut 0
time 458451.649149 timePassed 154.75647600000957 latency 104.75647600000957 execTime 16.874929999990854 timeOut 0
Saved
Saved
time 459068.897742 timePassed 49.99699299997883 latency 0 execTime 60.749804999970365 timeOut 0
time 459068.897742 timePassed 49.99699299997883 latency 0 execTime 60.749804999970365 timeOut 0
socket connection
socket connection
Saving
Saving
time 468638.895897 timePassed 165.80020599998534 latency 115.80020599998534 execTime 28.972525999997742 timeOut 0
time 468638.895897 timePassed 165.80020599998534 latency 115.80020599998534 execTime 28.972525999997742 timeOut 0
Saved
Saved
Saving
Saving
time 478820.551269 timePassed 144.65717099996982 latency 94.65717099996982 execTime 14.036543000023812 timeOut 0
time 478820.551269 timePassed 144.65717099996982 latency 94.65717099996982 execTime 14.036543000023812 timeOut 0
Saved
Saved
Saving
Saving
time 489005.041841 timePassed 168.1487260000431 latency 118.1487260000431 execTime 14.106721999996807 timeOut 0
time 489005.041841 timePassed 168.1487260000431 latency 118.1487260000431 execTime 14.106721999996807 timeOut 0
Saved
Saved
Saving
Saving
time 499167.501135 timePassed 145.57829700002912 latency 95.57829700002912 execTime 13.832627999945544 timeOut 0
time 499167.501135 timePassed 145.57829700002912 latency 95.57829700002912 execTime 13.832627999945544 timeOut 0
Saved
Saved
time 499831.90178 timePassed 49.00690899998881 latency 0 execTime 59.07894099998521 timeOut 0
time 499831.90178 timePassed 49.00690899998881 latency 0 execTime 59.07894099998521 timeOut 0
Saving
Saving
time 509329.724298 timePassed 144.83285700000124 latency 94.83285700000124 execTime 31.997947000025306 timeOut 0
time 509329.724298 timePassed 144.83285700000124 latency 94.83285700000124 execTime 31.997947000025306 timeOut 0
Saved
Saved
Saving
Saving
time 519523.759374 timePassed 156.86083000001963 latency 106.86083000001963 execTime 14.067807999963406 timeOut 0
time 519523.759374 timePassed 156.86083000001963 latency 106.86083000001963 execTime 14.067807999963406 timeOut 0
Saved
Saved
time 520039.890249 timePassed 49.8777649999829 latency 0 execTime 56.67682799999602 timeOut 0
time 520039.890249 timePassed 49.8777649999829 latency 0 execTime 56.67682799999602 timeOut 0
Saving
Saving
time 529717.008608 timePassed 174.11290700000245 latency 124.11290700000245 execTime 14.175994000048377 timeOut 0
time 529717.008608 timePassed 174.11290700000245 latency 124.11290700000245 execTime 14.175994000048377 timeOut 0
Saved
Saved
Saving
Saving
time 539896.531594 timePassed 160.63841199991293 latency 110.63841199991293 execTime 13.809405000065453 timeOut 0
time 539896.531594 timePassed 160.63841199991293 latency 110.63841199991293 execTime 13.809405000065453 timeOut 0
Saved
Saved
time 540610.894791 timePassed 48.92858500010334 latency 0 execTime 53.6174629998859 timeOut 0
time 540610.894791 timePassed 48.92858500010334 latency 0 execTime 53.6174629998859 timeOut 0
Saving
Saving
time 550066.607704 timePassed 153.61967399995774 latency 103.61967399995774 execTime 20.999966999981552 timeOut 0
time 550066.607704 timePassed 153.61967399995774 latency 103.61967399995774 execTime 20.999966999981552 timeOut 0
Saved
Saved
Saving
Saving
time 560240.716788 timePassed 151.82678999996278 latency 101.82678999996278 execTime 13.93993400002364 timeOut 0
time 560240.716788 timePassed 151.82678999996278 latency 101.82678999996278 execTime 13.93993400002364 timeOut 0
Saved
Saved
time 560804.999 timePassed 50.10971099999733 latency 0.10971099999733269 execTime 56.905841000028886 timeOut 0
time 560804.999 timePassed 50.10971099999733 latency 0.10971099999733269 execTime 56.905841000028886 timeOut 0
Saving
Saving
time 570402.185135 timePassed 144.2936870000558 latency 94.2936870000558 execTime 30.660386999952607 timeOut 0
time 570402.185135 timePassed 144.2936870000558 latency 94.2936870000558 execTime 30.660386999952607 timeOut 0
Saved
Saved
Saving
Saving
time 580582.922279 timePassed 149.03201900003478 latency 99.03201900003478 execTime 13.82081099995412 timeOut 0
time 580582.922279 timePassed 149.03201900003478 latency 99.03201900003478 execTime 13.82081099995412 timeOut 0
Saved
Saved
time 581047.890798 timePassed 50.00065800000448 latency 0.0006580000044777989 execTime 50.1041799999075 timeOut 0
time 581047.890798 timePassed 50.00065800000448 latency 0.0006580000044777989 execTime 50.1041799999075 timeOut 0
Saving
Saving
time 590765.014322 timePassed 165.1191289999988 latency 115.1191289999988 execTime 15.239059000043198 timeOut 0
time 590765.014322 timePassed 165.1191289999988 latency 115.1191289999988 execTime 15.239059000043198 timeOut 0
Saved
Saved
error: Forever detected script was killed by signal: SIGKILL
